0    INFO  [2020-10-29 18:07:38]  code: 
3    DEBUG [2020-10-29 18:07:38]  Request:
3    DEBUG [2020-10-29 18:07:38]  POSThttps://api.weibo.com/oauth2/access_token
907  DEBUG [2020-10-29 18:07:39]  Response:
907  DEBUG [2020-10-29 18:07:39]  https StatusCode:400
907  DEBUG [2020-10-29 18:07:39]  Server:WeiBo/LB
907  DEBUG [2020-10-29 18:07:39]  Date:Thu, 29 Oct 2020 10:07:40 GMT
907  DEBUG [2020-10-29 18:07:39]  Transfer-Encoding:chunked
907  DEBUG [2020-10-29 18:07:39]  Connection:keep-alive
907  DEBUG [2020-10-29 18:07:39]  Pragma:No-cache
907  DEBUG [2020-10-29 18:07:39]  Cache-Control:no-cache
907  DEBUG [2020-10-29 18:07:39]  Expires:Thu, 01 Jan 1970 00:00:00 GMT
909  WARN  [2020-10-29 18:07:39]  Going to buffer response body of large or unknown size. Using getResponseBodyAsStream instead is recommended.
910  DEBUG [2020-10-29 18:07:39]  {"error":"invalid_grant","error_code":21325,"request":"/oauth2/access_token","error_uri":"/oauth2/access_token","error_description":"invalid authorization code:"}

0    INFO  [2020-10-29 18:13:56]  code: 
2    DEBUG [2020-10-29 18:13:56]  Request:
2    DEBUG [2020-10-29 18:13:56]  POSThttps://api.weibo.com/oauth2/access_token
833  DEBUG [2020-10-29 18:13:57]  Response:
833  DEBUG [2020-10-29 18:13:57]  https StatusCode:400
833  DEBUG [2020-10-29 18:13:57]  Server:WeiBo/LB
833  DEBUG [2020-10-29 18:13:57]  Date:Thu, 29 Oct 2020 10:13:58 GMT
833  DEBUG [2020-10-29 18:13:57]  Transfer-Encoding:chunked
833  DEBUG [2020-10-29 18:13:57]  Connection:keep-alive
833  DEBUG [2020-10-29 18:13:57]  Pragma:No-cache
833  DEBUG [2020-10-29 18:13:57]  Cache-Control:no-cache
833  DEBUG [2020-10-29 18:13:57]  Expires:Thu, 01 Jan 1970 00:00:00 GMT
835  WARN  [2020-10-29 18:13:57]  Going to buffer response body of large or unknown size. Using getResponseBodyAsStream instead is recommended.
835  DEBUG [2020-10-29 18:13:57]  {"error":"invalid_grant","error_code":21325,"request":"/oauth2/access_token","error_uri":"/oauth2/access_token","error_description":"invalid authorization code:"}

0    INFO  [2020-10-29 18:16:30]  code: 
3    DEBUG [2020-10-29 18:16:30]  Request:
3    DEBUG [2020-10-29 18:16:30]  POSThttps://api.weibo.com/oauth2/access_token
902  DEBUG [2020-10-29 18:16:31]  Response:
902  DEBUG [2020-10-29 18:16:31]  https StatusCode:400
902  DEBUG [2020-10-29 18:16:31]  Server:WeiBo/LB
902  DEBUG [2020-10-29 18:16:31]  Date:Thu, 29 Oct 2020 10:16:32 GMT
902  DEBUG [2020-10-29 18:16:31]  Transfer-Encoding:chunked
902  DEBUG [2020-10-29 18:16:31]  Connection:keep-alive
902  DEBUG [2020-10-29 18:16:31]  Pragma:No-cache
902  DEBUG [2020-10-29 18:16:31]  Cache-Control:no-cache
902  DEBUG [2020-10-29 18:16:31]  Expires:Thu, 01 Jan 1970 00:00:00 GMT
904  WARN  [2020-10-29 18:16:31]  Going to buffer response body of large or unknown size. Using getResponseBodyAsStream instead is recommended.
904  DEBUG [2020-10-29 18:16:31]  {"error":"invalid_grant","error_code":21325,"request":"/oauth2/access_token","error_uri":"/oauth2/access_token","error_description":"invalid authorization code:"}

0    INFO  [2020-10-29 18:17:36]  code: 
2    DEBUG [2020-10-29 18:17:36]  Request:
2    DEBUG [2020-10-29 18:17:36]  POSThttps://api.weibo.com/oauth2/access_token
817  DEBUG [2020-10-29 18:17:37]  Response:
817  DEBUG [2020-10-29 18:17:37]  https StatusCode:400
817  DEBUG [2020-10-29 18:17:37]  Server:WeiBo/LB
817  DEBUG [2020-10-29 18:17:37]  Date:Thu, 29 Oct 2020 10:17:38 GMT
817  DEBUG [2020-10-29 18:17:37]  Transfer-Encoding:chunked
817  DEBUG [2020-10-29 18:17:37]  Connection:keep-alive
817  DEBUG [2020-10-29 18:17:37]  Pragma:No-cache
817  DEBUG [2020-10-29 18:17:37]  Cache-Control:no-cache
817  DEBUG [2020-10-29 18:17:37]  Expires:Thu, 01 Jan 1970 00:00:00 GMT
819  WARN  [2020-10-29 18:17:37]  Going to buffer response body of large or unknown size. Using getResponseBodyAsStream instead is recommended.
819  DEBUG [2020-10-29 18:17:37]  {"error":"invalid_grant","error_code":21325,"request":"/oauth2/access_token","error_uri":"/oauth2/access_token","error_description":"invalid authorization code:"}

0    INFO  [2020-10-29 18:20:06]  code: 
2    DEBUG [2020-10-29 18:20:06]  Request:
3    DEBUG [2020-10-29 18:20:06]  POSThttps://api.weibo.com/oauth2/access_token
930  DEBUG [2020-10-29 18:20:07]  Response:
930  DEBUG [2020-10-29 18:20:07]  https StatusCode:400
931  DEBUG [2020-10-29 18:20:07]  Server:WeiBo/LB
931  DEBUG [2020-10-29 18:20:07]  Date:Thu, 29 Oct 2020 10:20:08 GMT
931  DEBUG [2020-10-29 18:20:07]  Transfer-Encoding:chunked
931  DEBUG [2020-10-29 18:20:07]  Connection:keep-alive
931  DEBUG [2020-10-29 18:20:07]  Pragma:No-cache
931  DEBUG [2020-10-29 18:20:07]  Cache-Control:no-cache
931  DEBUG [2020-10-29 18:20:07]  Expires:Thu, 01 Jan 1970 00:00:00 GMT
932  WARN  [2020-10-29 18:20:07]  Going to buffer response body of large or unknown size. Using getResponseBodyAsStream instead is recommended.
933  DEBUG [2020-10-29 18:20:07]  {"error":"invalid_grant","error_code":21325,"request":"/oauth2/access_token","error_uri":"/oauth2/access_token","error_description":"invalid authorization code:"}

0    INFO  [2020-10-29 18:21:17]  code: 
2    DEBUG [2020-10-29 18:21:17]  Request:
2    DEBUG [2020-10-29 18:21:17]  POSThttps://api.weibo.com/oauth2/access_token
828  DEBUG [2020-10-29 18:21:17]  Response:
828  DEBUG [2020-10-29 18:21:17]  https StatusCode:400
828  DEBUG [2020-10-29 18:21:17]  Server:WeiBo/LB
828  DEBUG [2020-10-29 18:21:17]  Date:Thu, 29 Oct 2020 10:21:18 GMT
828  DEBUG [2020-10-29 18:21:17]  Transfer-Encoding:chunked
828  DEBUG [2020-10-29 18:21:17]  Connection:keep-alive
828  DEBUG [2020-10-29 18:21:17]  Pragma:No-cache
828  DEBUG [2020-10-29 18:21:17]  Cache-Control:no-cache
828  DEBUG [2020-10-29 18:21:17]  Expires:Thu, 01 Jan 1970 00:00:00 GMT
829  WARN  [2020-10-29 18:21:17]  Going to buffer response body of large or unknown size. Using getResponseBodyAsStream instead is recommended.
830  DEBUG [2020-10-29 18:21:17]  {"error":"invalid_grant","error_code":21325,"request":"/oauth2/access_token","error_uri":"/oauth2/access_token","error_description":"invalid authorization code:"}

0    INFO  [2020-10-30 11:06:53]  code: 
24   DEBUG [2020-10-30 11:06:53]  Request:
25   DEBUG [2020-10-30 11:06:53]  POSThttps://api.weibo.com/oauth2/access_token
935  DEBUG [2020-10-30 11:06:54]  Response:
935  DEBUG [2020-10-30 11:06:54]  https StatusCode:400
935  DEBUG [2020-10-30 11:06:54]  Server:WeiBo/LB
936  DEBUG [2020-10-30 11:06:54]  Date:Fri, 30 Oct 2020 03:06:57 GMT
936  DEBUG [2020-10-30 11:06:54]  Transfer-Encoding:chunked
936  DEBUG [2020-10-30 11:06:54]  Connection:keep-alive
936  DEBUG [2020-10-30 11:06:54]  Pragma:No-cache
936  DEBUG [2020-10-30 11:06:54]  Cache-Control:no-cache
936  DEBUG [2020-10-30 11:06:54]  Expires:Thu, 01 Jan 1970 00:00:00 GMT
993  WARN  [2020-10-30 11:06:54]  Going to buffer response body of large or unknown size. Using getResponseBodyAsStream instead is recommended.
993  DEBUG [2020-10-30 11:06:54]  {"error":"invalid_grant","error_code":21325,"request":"/oauth2/access_token","error_uri":"/oauth2/access_token","error_description":"invalid authorization code:"}

